<?xml version="1.0" encoding="UTF-8"?>
<!-- Generated by org.testng.reporters.JUnitXMLReporter -->
<testsuite ignored="0" hostname="LTIN487181" failures="0" tests="48" name="Chrome Test" time="207.435" errors="0" timestamp="2024-03-29T19:56:32 IST">
  <testcase classname="testBase.baseclass" name="Launch" time="6.045"/>
  <testcase classname="testCases.TC_001_VerifyingFirstNews" name="UserInfo" time="8.5"/>
  <testcase classname="testCases.TC_001_VerifyingFirstNews" name="isVisisble" time="0.069"/>
  <testcase classname="testCases.TC_001_VerifyingFirstNews" name="validateTitle" time="0.592"/>
  <testcase classname="testCases.TC_001_VerifyingFirstNews" name="description" time="1.331"/>
  <testcase classname="testCases.TC_001_VerifyingFirstNews" name="validateAuthor" time="9.499"/>
  <testcase classname="testCases.TC_001_VerifyingFirstNews" name="shareButton" time="0.289"/>
  <testcase classname="testCases.TC_001_VerifyingFirstNews" name="likesNviews" time="3.187"/>
  <testcase classname="testCases.TC_001_VerifyingFirstNews" name="validateLinks" time="12.02"/>
  <testcase classname="testCases.TC_001_VerifyingFirstNews" name="writeExcelData" time="1.072"/>
  <testcase classname="testBase.baseclass" name="Launch" time="6.512"/>
  <testcase classname="testCases.TC_002_VerifyingSecondNews" name="UserInfo" time="9.214"/>
  <testcase classname="testCases.TC_002_VerifyingSecondNews" name="isVisisble" time="0.028"/>
  <testcase classname="testCases.TC_002_VerifyingSecondNews" name="validateTitle" time="0.563"/>
  <testcase classname="testCases.TC_002_VerifyingSecondNews" name="description" time="1.119"/>
  <testcase classname="testCases.TC_002_VerifyingSecondNews" name="validateAuthor" time="7.915"/>
  <testcase classname="testCases.TC_002_VerifyingSecondNews" name="shareButton" time="0.215"/>
  <testcase classname="testCases.TC_002_VerifyingSecondNews" name="likesNviews" time="5.172"/>
  <testcase classname="testCases.TC_002_VerifyingSecondNews" name="validateLinks" time="5.086"/>
  <testcase classname="testCases.TC_002_VerifyingSecondNews" name="writeExcelData" time="0.104"/>
  <testcase classname="testBase.baseclass" name="Launch" time="6.888"/>
  <testcase classname="testCases.TC_003_VerifyingThirdNews" name="UserInfo" time="8.728"/>
  <testcase classname="testCases.TC_003_VerifyingThirdNews" name="isVisisble" time="0.073"/>
  <testcase classname="testCases.TC_003_VerifyingThirdNews" name="validateTitle" time="0.608"/>
  <testcase classname="testCases.TC_003_VerifyingThirdNews" name="description" time="2.638"/>
  <testcase classname="testCases.TC_003_VerifyingThirdNews" name="validateAuthor" time="7.712"/>
  <testcase classname="testCases.TC_003_VerifyingThirdNews" name="shareButton" time="0.369"/>
  <testcase classname="testCases.TC_003_VerifyingThirdNews" name="likesNviews" time="5.238"/>
  <testcase classname="testCases.TC_003_VerifyingThirdNews" name="validateLinks" time="6.989"/>
  <testcase classname="testCases.TC_003_VerifyingThirdNews" name="writeExcelData" time="0.059"/>
  <testcase classname="testBase.baseclass" name="Launch" time="5.427"/>
  <testcase classname="testCases.TC_004_VerifyingFourthNews" name="UserInfo" time="8.493"/>
  <testcase classname="testCases.TC_004_VerifyingFourthNews" name="isVisisble" time="0.051"/>
  <testcase classname="testCases.TC_004_VerifyingFourthNews" name="validateTitle" time="0.589"/>
  <testcase classname="testCases.TC_004_VerifyingFourthNews" name="description" time="1.419"/>
  <testcase classname="testCases.TC_004_VerifyingFourthNews" name="validateAuthor" time="7.519"/>
  <testcase classname="testCases.TC_004_VerifyingFourthNews" name="shareButton" time="0.305"/>
  <testcase classname="testCases.TC_004_VerifyingFourthNews" name="likesNviews" time="5.242"/>
  <testcase classname="testCases.TC_004_VerifyingFourthNews" name="validateLinks" time="7.494"/>
  <testcase classname="testCases.TC_004_VerifyingFourthNews" name="writeExcelData" time="0.042"/>
  <testcase classname="testBase.baseclass" name="Launch" time="4.205"/>
  <testcase classname="testCases.TC_005_VerifyingFifthNews" name="UserInfo" time="8.502"/>
  <testcase classname="testCases.TC_005_VerifyingFifthNews" name="isVisisble" time="0.071"/>
  <testcase classname="testCases.TC_005_VerifyingFifthNews" name="validateTitle" time="0.59"/>
  <testcase classname="testCases.TC_005_VerifyingFifthNews" name="description" time="6.676"/>
  <testcase classname="testCases.TC_005_VerifyingFifthNews" name="shareButton" time="0.474"/>
  <testcase classname="testCases.TC_005_VerifyingFifthNews" name="likesNviews" time="5.186"/>
  <testcase classname="testCases.TC_005_VerifyingFifthNews" name="validateLinks" time="0.098"/>
</testsuite> <!-- Chrome Test -->
