<?xml version="1.0" encoding="UTF-8"?>
<!-- Generated by org.testng.reporters.JUnitXMLReporter -->
<testsuite ignored="0" hostname="LTIN487181" failures="0" tests="48" name="Edge Test" time="191.1" errors="0" timestamp="2024-03-29T19:59:50 IST">
  <testcase classname="testBase.baseclass" name="Launch" time="4.509"/>
  <testcase classname="testCases.TC_001_VerifyingFirstNews" name="UserInfo" time="8.727"/>
  <testcase classname="testCases.TC_001_VerifyingFirstNews" name="isVisisble" time="0.068"/>
  <testcase classname="testCases.TC_001_VerifyingFirstNews" name="validateTitle" time="0.631"/>
  <testcase classname="testCases.TC_001_VerifyingFirstNews" name="description" time="1.553"/>
  <testcase classname="testCases.TC_001_VerifyingFirstNews" name="validateAuthor" time="10.336"/>
  <testcase classname="testCases.TC_001_VerifyingFirstNews" name="shareButton" time="0.293"/>
  <testcase classname="testCases.TC_001_VerifyingFirstNews" name="likesNviews" time="3.151"/>
  <testcase classname="testCases.TC_001_VerifyingFirstNews" name="validateLinks" time="8.824"/>
  <testcase classname="testCases.TC_001_VerifyingFirstNews" name="writeExcelData" time="0.071"/>
  <testcase classname="testBase.baseclass" name="Launch" time="3.991"/>
  <testcase classname="testCases.TC_002_VerifyingSecondNews" name="UserInfo" time="8.416"/>
  <testcase classname="testCases.TC_002_VerifyingSecondNews" name="isVisisble" time="0.107"/>
  <testcase classname="testCases.TC_002_VerifyingSecondNews" name="validateTitle" time="0.551"/>
  <testcase classname="testCases.TC_002_VerifyingSecondNews" name="description" time="1.197"/>
  <testcase classname="testCases.TC_002_VerifyingSecondNews" name="validateAuthor" time="6.3"/>
  <testcase classname="testCases.TC_002_VerifyingSecondNews" name="shareButton" time="0.244"/>
  <testcase classname="testCases.TC_002_VerifyingSecondNews" name="likesNviews" time="5.216"/>
  <testcase classname="testCases.TC_002_VerifyingSecondNews" name="validateLinks" time="5.351"/>
  <testcase classname="testCases.TC_002_VerifyingSecondNews" name="writeExcelData" time="0.05"/>
  <testcase classname="testBase.baseclass" name="Launch" time="4.244"/>
  <testcase classname="testCases.TC_003_VerifyingThirdNews" name="UserInfo" time="8.793"/>
  <testcase classname="testCases.TC_003_VerifyingThirdNews" name="isVisisble" time="0.052"/>
  <testcase classname="testCases.TC_003_VerifyingThirdNews" name="validateTitle" time="0.561"/>
  <testcase classname="testCases.TC_003_VerifyingThirdNews" name="description" time="1.362"/>
  <testcase classname="testCases.TC_003_VerifyingThirdNews" name="validateAuthor" time="7.745"/>
  <testcase classname="testCases.TC_003_VerifyingThirdNews" name="shareButton" time="0.412"/>
  <testcase classname="testCases.TC_003_VerifyingThirdNews" name="likesNviews" time="5.15"/>
  <testcase classname="testCases.TC_003_VerifyingThirdNews" name="validateLinks" time="7.991"/>
  <testcase classname="testCases.TC_003_VerifyingThirdNews" name="writeExcelData" time="0.075"/>
  <testcase classname="testBase.baseclass" name="Launch" time="3.659"/>
  <testcase classname="testCases.TC_004_VerifyingFourthNews" name="UserInfo" time="8.474"/>
  <testcase classname="testCases.TC_004_VerifyingFourthNews" name="isVisisble" time="0.07"/>
  <testcase classname="testCases.TC_004_VerifyingFourthNews" name="validateTitle" time="0.597"/>
  <testcase classname="testCases.TC_004_VerifyingFourthNews" name="description" time="1.595"/>
  <testcase classname="testCases.TC_004_VerifyingFourthNews" name="validateAuthor" time="8.094"/>
  <testcase classname="testCases.TC_004_VerifyingFourthNews" name="shareButton" time="0.339"/>
  <testcase classname="testCases.TC_004_VerifyingFourthNews" name="likesNviews" time="5.232"/>
  <testcase classname="testCases.TC_004_VerifyingFourthNews" name="validateLinks" time="7.665"/>
  <testcase classname="testCases.TC_004_VerifyingFourthNews" name="writeExcelData" time="0.061"/>
  <testcase classname="testBase.baseclass" name="Launch" time="4.055"/>
  <testcase classname="testCases.TC_005_VerifyingFifthNews" name="UserInfo" time="8.554"/>
  <testcase classname="testCases.TC_005_VerifyingFifthNews" name="isVisisble" time="0.023"/>
  <testcase classname="testCases.TC_005_VerifyingFifthNews" name="validateTitle" time="0.562"/>
  <testcase classname="testCases.TC_005_VerifyingFifthNews" name="description" time="4.797"/>
  <testcase classname="testCases.TC_005_VerifyingFifthNews" name="shareButton" time="0.349"/>
  <testcase classname="testCases.TC_005_VerifyingFifthNews" name="likesNviews" time="5.16"/>
  <testcase classname="testCases.TC_005_VerifyingFifthNews" name="validateLinks" time="0.07"/>
</testsuite> <!-- Edge Test -->
