<?xml version="1.0" encoding="UTF-8"?>
<testng-results ignored="0" total="96" passed="96" failed="0" skipped="0">
  <reporter-output>
  </reporter-output>
  <suite started-at="2024-03-29T19:52:57 IST" name="Suite" finished-at="2024-03-29T19:59:43 IST" duration-ms="406299">
    <groups>
    </groups>
    <test started-at="2024-03-29T19:52:57 IST" name="Chrome Test" finished-at="2024-03-29T19:56:24 IST" duration-ms="207435">
      <class name="testCases.TC_005_VerifyingFifthNews">
        <test-method is-config="true" signature="setup(java.lang.String)[pri:0, instance:testCases.TC_005_VerifyingFifthNews@402c4085]" started-at="2024-03-29T19:55:54 IST" name="setup" finished-at="2024-03-29T19:55:57 IST" duration-ms="3715" status="PASS">
          <params>
            <param index="0">
              <value>
                <![CDATA[chrome]]>
              </value>
            </param>
          </params>
          <reporter-output>
          </reporter-output>
        </test-method> <!-- setup -->
        <test-method is-config="true" signature="pageSetup()[pri:0, instance:testCases.TC_005_VerifyingFifthNews@402c4085]" started-at="2024-03-29T19:55:57 IST" name="pageSetup" finished-at="2024-03-29T19:55:57 IST" duration-ms="3" status="PASS">
          <reporter-output>
          </reporter-output>
        </test-method> <!-- pageSetup -->
        <test-method signature="Launch()[pri:0, instance:testCases.TC_005_VerifyingFifthNews@402c4085]" started-at="2024-03-29T19:55:57 IST" name="Launch" finished-at="2024-03-29T19:56:02 IST" duration-ms="4205" status="PASS">
          <reporter-output>
          </reporter-output>
        </test-method> <!-- Launch -->
        <test-method signature="UserInfo()[pri:2, instance:testCases.TC_005_VerifyingFifthNews@402c4085]" started-at="2024-03-29T19:56:02 IST" name="UserInfo" finished-at="2024-03-29T19:56:10 IST" duration-ms="8502" status="PASS">
          <reporter-output>
          </reporter-output>
        </test-method> <!-- UserInfo -->
        <test-method signature="isVisisble()[pri:3, instance:testCases.TC_005_VerifyingFifthNews@402c4085]" started-at="2024-03-29T19:56:10 IST" name="isVisisble" finished-at="2024-03-29T19:56:10 IST" duration-ms="71" status="PASS">
          <reporter-output>
          </reporter-output>
        </test-method> <!-- isVisisble -->
        <test-method signature="validateTitle()[pri:3, instance:testCases.TC_005_VerifyingFifthNews@402c4085]" started-at="2024-03-29T19:56:10 IST" name="validateTitle" finished-at="2024-03-29T19:56:11 IST" duration-ms="590" status="PASS">
          <reporter-output>
          </reporter-output>
        </test-method> <!-- validateTitle -->
        <test-method signature="description()[pri:4, instance:testCases.TC_005_VerifyingFifthNews@402c4085]" started-at="2024-03-29T19:56:11 IST" name="description" finished-at="2024-03-29T19:56:17 IST" duration-ms="6676" status="PASS">
          <reporter-output>
          </reporter-output>
        </test-method> <!-- description -->
        <test-method signature="shareButton()[pri:5, instance:testCases.TC_005_VerifyingFifthNews@402c4085]" started-at="2024-03-29T19:56:17 IST" name="shareButton" finished-at="2024-03-29T19:56:18 IST" duration-ms="474" status="PASS">
          <reporter-output>
          </reporter-output>
        </test-method> <!-- shareButton -->
        <test-method signature="likesNviews()[pri:6, instance:testCases.TC_005_VerifyingFifthNews@402c4085]" started-at="2024-03-29T19:56:18 IST" name="likesNviews" finished-at="2024-03-29T19:56:23 IST" duration-ms="5186" status="PASS">
          <reporter-output>
          </reporter-output>
        </test-method> <!-- likesNviews -->
        <test-method signature="validateLinks()[pri:7, instance:testCases.TC_005_VerifyingFifthNews@402c4085]" started-at="2024-03-29T19:56:23 IST" name="validateLinks" finished-at="2024-03-29T19:56:23 IST" duration-ms="98" status="PASS">
          <reporter-output>
          </reporter-output>
        </test-method> <!-- validateLinks -->
        <test-method is-config="true" signature="teardown()[pri:0, instance:testCases.TC_005_VerifyingFifthNews@402c4085]" started-at="2024-03-29T19:56:23 IST" name="teardown" finished-at="2024-03-29T19:56:24 IST" duration-ms="1187" status="PASS">
          <reporter-output>
          </reporter-output>
        </test-method> <!-- teardown -->
      </class> <!-- testCases.TC_005_VerifyingFifthNews -->
      <class name="testCases.TC_003_VerifyingThirdNews">
        <test-method is-config="true" signature="setup(java.lang.String)[pri:0, instance:testCases.TC_003_VerifyingThirdNews@4681c175]" started-at="2024-03-29T19:54:28 IST" name="setup" finished-at="2024-03-29T19:54:32 IST" duration-ms="3658" status="PASS">
          <params>
            <param index="0">
              <value>
                <![CDATA[chrome]]>
              </value>
            </param>
          </params>
          <reporter-output>
          </reporter-output>
        </test-method> <!-- setup -->
        <test-method is-config="true" signature="pageSetup()[pri:0, instance:testCases.TC_003_VerifyingThirdNews@4681c175]" started-at="2024-03-29T19:54:32 IST" name="pageSetup" finished-at="2024-03-29T19:54:32 IST" duration-ms="1" status="PASS">
          <reporter-output>
          </reporter-output>
        </test-method> <!-- pageSetup -->
        <test-method signature="Launch()[pri:0, instance:testCases.TC_003_VerifyingThirdNews@4681c175]" started-at="2024-03-29T19:54:32 IST" name="Launch" finished-at="2024-03-29T19:54:39 IST" duration-ms="6888" status="PASS">
          <reporter-output>
          </reporter-output>
        </test-method> <!-- Launch -->
        <test-method signature="UserInfo()[pri:2, instance:testCases.TC_003_VerifyingThirdNews@4681c175]" started-at="2024-03-29T19:54:39 IST" name="UserInfo" finished-at="2024-03-29T19:54:47 IST" duration-ms="8728" status="PASS">
          <reporter-output>
          </reporter-output>
        </test-method> <!-- UserInfo -->
        <test-method signature="isVisisble()[pri:3, instance:testCases.TC_003_VerifyingThirdNews@4681c175]" started-at="2024-03-29T19:54:47 IST" name="isVisisble" finished-at="2024-03-29T19:54:47 IST" duration-ms="73" status="PASS">
          <reporter-output>
          </reporter-output>
        </test-method> <!-- isVisisble -->
        <test-method signature="validateTitle()[pri:3, instance:testCases.TC_003_VerifyingThirdNews@4681c175]" started-at="2024-03-29T19:54:47 IST" name="validateTitle" finished-at="2024-03-29T19:54:48 IST" duration-ms="608" status="PASS">
          <reporter-output>
          </reporter-output>
        </test-method> <!-- validateTitle -->
        <test-method signature="description()[pri:4, instance:testCases.TC_003_VerifyingThirdNews@4681c175]" started-at="2024-03-29T19:54:48 IST" name="description" finished-at="2024-03-29T19:54:51 IST" duration-ms="2638" status="PASS">
          <reporter-output>
          </reporter-output>
        </test-method> <!-- description -->
        <test-method signature="validateAuthor()[pri:5, instance:testCases.TC_003_VerifyingThirdNews@4681c175]" started-at="2024-03-29T19:54:51 IST" name="validateAuthor" finished-at="2024-03-29T19:54:58 IST" duration-ms="7712" status="PASS">
          <reporter-output>
          </reporter-output>
        </test-method> <!-- validateAuthor -->
        <test-method signature="shareButton()[pri:6, instance:testCases.TC_003_VerifyingThirdNews@4681c175]" started-at="2024-03-29T19:54:58 IST" name="shareButton" finished-at="2024-03-29T19:54:59 IST" duration-ms="369" status="PASS">
          <reporter-output>
          </reporter-output>
        </test-method> <!-- shareButton -->
        <test-method signature="likesNviews()[pri:7, instance:testCases.TC_003_VerifyingThirdNews@4681c175]" started-at="2024-03-29T19:54:59 IST" name="likesNviews" finished-at="2024-03-29T19:55:04 IST" duration-ms="5238" status="PASS">
          <reporter-output>
          </reporter-output>
        </test-method> <!-- likesNviews -->
        <test-method signature="validateLinks()[pri:8, instance:testCases.TC_003_VerifyingThirdNews@4681c175]" started-at="2024-03-29T19:55:04 IST" name="validateLinks" finished-at="2024-03-29T19:55:11 IST" duration-ms="6989" status="PASS">
          <reporter-output>
          </reporter-output>
        </test-method> <!-- validateLinks -->
        <test-method signature="writeExcelData()[pri:10, instance:testCases.TC_003_VerifyingThirdNews@4681c175]" started-at="2024-03-29T19:55:11 IST" name="writeExcelData" finished-at="2024-03-29T19:55:11 IST" duration-ms="59" status="PASS">
          <reporter-output>
          </reporter-output>
        </test-method> <!-- writeExcelData -->
        <test-method is-config="true" signature="teardown()[pri:0, instance:testCases.TC_003_VerifyingThirdNews@4681c175]" started-at="2024-03-29T19:55:11 IST" name="teardown" finished-at="2024-03-29T19:55:12 IST" duration-ms="1147" status="PASS">
          <reporter-output>
          </reporter-output>
        </test-method> <!-- teardown -->
      </class> <!-- testCases.TC_003_VerifyingThirdNews -->
      <class name="testCases.TC_002_VerifyingSecondNews">
        <test-method is-config="true" signature="setup(java.lang.String)[pri:0, instance:testCases.TC_002_VerifyingSecondNews@353352b6]" started-at="2024-03-29T19:53:47 IST" name="setup" finished-at="2024-03-29T19:53:51 IST" duration-ms="3607" status="PASS">
          <params>
            <param index="0">
              <value>
                <![CDATA[chrome]]>
              </value>
            </param>
          </params>
          <reporter-output>
          </reporter-output>
        </test-method> <!-- setup -->
        <test-method is-config="true" signature="pageSetup()[pri:0, instance:testCases.TC_002_VerifyingSecondNews@353352b6]" started-at="2024-03-29T19:53:51 IST" name="pageSetup" finished-at="2024-03-29T19:53:51 IST" duration-ms="2" status="PASS">
          <reporter-output>
          </reporter-output>
        </test-method> <!-- pageSetup -->
        <test-method signature="Launch()[pri:0, instance:testCases.TC_002_VerifyingSecondNews@353352b6]" started-at="2024-03-29T19:53:51 IST" name="Launch" finished-at="2024-03-29T19:53:57 IST" duration-ms="6512" status="PASS">
          <reporter-output>
          </reporter-output>
        </test-method> <!-- Launch -->
        <test-method signature="UserInfo()[pri:2, instance:testCases.TC_002_VerifyingSecondNews@353352b6]" started-at="2024-03-29T19:53:57 IST" name="UserInfo" finished-at="2024-03-29T19:54:07 IST" duration-ms="9214" status="PASS">
          <reporter-output>
          </reporter-output>
        </test-method> <!-- UserInfo -->
        <test-method signature="isVisisble()[pri:3, instance:testCases.TC_002_VerifyingSecondNews@353352b6]" started-at="2024-03-29T19:54:07 IST" name="isVisisble" finished-at="2024-03-29T19:54:07 IST" duration-ms="28" status="PASS">
          <reporter-output>
          </reporter-output>
        </test-method> <!-- isVisisble -->
        <test-method signature="validateTitle()[pri:3, instance:testCases.TC_002_VerifyingSecondNews@353352b6]" started-at="2024-03-29T19:54:07 IST" name="validateTitle" finished-at="2024-03-29T19:54:07 IST" duration-ms="563" status="PASS">
          <reporter-output>
          </reporter-output>
        </test-method> <!-- validateTitle -->
        <test-method signature="description()[pri:4, instance:testCases.TC_002_VerifyingSecondNews@353352b6]" started-at="2024-03-29T19:54:07 IST" name="description" finished-at="2024-03-29T19:54:08 IST" duration-ms="1119" status="PASS">
          <reporter-output>
          </reporter-output>
        </test-method> <!-- description -->
        <test-method signature="validateAuthor()[pri:5, instance:testCases.TC_002_VerifyingSecondNews@353352b6]" started-at="2024-03-29T19:54:08 IST" name="validateAuthor" finished-at="2024-03-29T19:54:16 IST" duration-ms="7915" status="PASS">
          <reporter-output>
          </reporter-output>
        </test-method> <!-- validateAuthor -->
        <test-method signature="shareButton()[pri:6, instance:testCases.TC_002_VerifyingSecondNews@353352b6]" started-at="2024-03-29T19:54:16 IST" name="shareButton" finished-at="2024-03-29T19:54:17 IST" duration-ms="215" status="PASS">
          <reporter-output>
          </reporter-output>
        </test-method> <!-- shareButton -->
        <test-method signature="likesNviews()[pri:7, instance:testCases.TC_002_VerifyingSecondNews@353352b6]" started-at="2024-03-29T19:54:17 IST" name="likesNviews" finished-at="2024-03-29T19:54:22 IST" duration-ms="5172" status="PASS">
          <reporter-output>
          </reporter-output>
        </test-method> <!-- likesNviews -->
        <test-method signature="validateLinks()[pri:8, instance:testCases.TC_002_VerifyingSecondNews@353352b6]" started-at="2024-03-29T19:54:22 IST" name="validateLinks" finished-at="2024-03-29T19:54:27 IST" duration-ms="5086" status="PASS">
          <reporter-output>
          </reporter-output>
        </test-method> <!-- validateLinks -->
        <test-method signature="writeExcelData()[pri:10, instance:testCases.TC_002_VerifyingSecondNews@353352b6]" started-at="2024-03-29T19:54:27 IST" name="writeExcelData" finished-at="2024-03-29T19:54:27 IST" duration-ms="104" status="PASS">
          <reporter-output>
          </reporter-output>
        </test-method> <!-- writeExcelData -->
        <test-method is-config="true" signature="teardown()[pri:0, instance:testCases.TC_002_VerifyingSecondNews@353352b6]" started-at="2024-03-29T19:54:27 IST" name="teardown" finished-at="2024-03-29T19:54:28 IST" duration-ms="1213" status="PASS">
          <reporter-output>
          </reporter-output>
        </test-method> <!-- teardown -->
      </class> <!-- testCases.TC_002_VerifyingSecondNews -->
      <class name="testCases.TC_001_VerifyingFirstNews">
        <test-method is-config="true" signature="setup(java.lang.String)[pri:0, instance:testCases.TC_001_VerifyingFirstNews@6caf0677]" started-at="2024-03-29T19:52:58 IST" name="setup" finished-at="2024-03-29T19:53:03 IST" duration-ms="5887" status="PASS">
          <params>
            <param index="0">
              <value>
                <![CDATA[chrome]]>
              </value>
            </param>
          </params>
          <reporter-output>
          </reporter-output>
        </test-method> <!-- setup -->
        <test-method is-config="true" signature="pageSetup()[pri:0, instance:testCases.TC_001_VerifyingFirstNews@6caf0677]" started-at="2024-03-29T19:53:03 IST" name="pageSetup" finished-at="2024-03-29T19:53:04 IST" duration-ms="44" status="PASS">
          <reporter-output>
          </reporter-output>
        </test-method> <!-- pageSetup -->
        <test-method signature="Launch()[pri:0, instance:testCases.TC_001_VerifyingFirstNews@6caf0677]" started-at="2024-03-29T19:53:04 IST" name="Launch" finished-at="2024-03-29T19:53:10 IST" duration-ms="6045" status="PASS">
          <reporter-output>
          </reporter-output>
        </test-method> <!-- Launch -->
        <test-method signature="UserInfo()[pri:1, instance:testCases.TC_001_VerifyingFirstNews@6caf0677]" started-at="2024-03-29T19:53:10 IST" name="UserInfo" finished-at="2024-03-29T19:53:18 IST" duration-ms="8500" status="PASS">
          <reporter-output>
          </reporter-output>
        </test-method> <!-- UserInfo -->
        <test-method signature="isVisisble()[pri:2, instance:testCases.TC_001_VerifyingFirstNews@6caf0677]" started-at="2024-03-29T19:53:18 IST" name="isVisisble" finished-at="2024-03-29T19:53:18 IST" duration-ms="69" status="PASS">
          <reporter-output>
          </reporter-output>
        </test-method> <!-- isVisisble -->
        <test-method signature="validateTitle()[pri:3, instance:testCases.TC_001_VerifyingFirstNews@6caf0677]" started-at="2024-03-29T19:53:18 IST" name="validateTitle" finished-at="2024-03-29T19:53:19 IST" duration-ms="592" status="PASS">
          <reporter-output>
          </reporter-output>
        </test-method> <!-- validateTitle -->
        <test-method signature="description()[pri:4, instance:testCases.TC_001_VerifyingFirstNews@6caf0677]" started-at="2024-03-29T19:53:19 IST" name="description" finished-at="2024-03-29T19:53:20 IST" duration-ms="1331" status="PASS">
          <reporter-output>
          </reporter-output>
        </test-method> <!-- description -->
        <test-method signature="validateAuthor()[pri:5, instance:testCases.TC_001_VerifyingFirstNews@6caf0677]" started-at="2024-03-29T19:53:20 IST" name="validateAuthor" finished-at="2024-03-29T19:53:30 IST" duration-ms="9499" status="PASS">
          <reporter-output>
          </reporter-output>
        </test-method> <!-- validateAuthor -->
        <test-method signature="shareButton()[pri:6, instance:testCases.TC_001_VerifyingFirstNews@6caf0677]" started-at="2024-03-29T19:53:30 IST" name="shareButton" finished-at="2024-03-29T19:53:30 IST" duration-ms="289" status="PASS">
          <reporter-output>
          </reporter-output>
        </test-method> <!-- shareButton -->
        <test-method signature="likesNviews()[pri:7, instance:testCases.TC_001_VerifyingFirstNews@6caf0677]" started-at="2024-03-29T19:53:30 IST" name="likesNviews" finished-at="2024-03-29T19:53:33 IST" duration-ms="3187" status="PASS">
          <reporter-output>
          </reporter-output>
        </test-method> <!-- likesNviews -->
        <test-method signature="validateLinks()[pri:8, instance:testCases.TC_001_VerifyingFirstNews@6caf0677]" started-at="2024-03-29T19:53:33 IST" name="validateLinks" finished-at="2024-03-29T19:53:45 IST" duration-ms="12020" status="PASS">
          <reporter-output>
          </reporter-output>
        </test-method> <!-- validateLinks -->
        <test-method signature="writeExcelData()[pri:10, instance:testCases.TC_001_VerifyingFirstNews@6caf0677]" started-at="2024-03-29T19:53:45 IST" name="writeExcelData" finished-at="2024-03-29T19:53:46 IST" duration-ms="1072" status="PASS">
          <reporter-output>
          </reporter-output>
        </test-method> <!-- writeExcelData -->
        <test-method is-config="true" signature="teardown()[pri:0, instance:testCases.TC_001_VerifyingFirstNews@6caf0677]" started-at="2024-03-29T19:53:46 IST" name="teardown" finished-at="2024-03-29T19:53:47 IST" duration-ms="1173" status="PASS">
          <reporter-output>
          </reporter-output>
        </test-method> <!-- teardown -->
      </class> <!-- testCases.TC_001_VerifyingFirstNews -->
      <class name="testCases.TC_004_VerifyingFourthNews">
        <test-method is-config="true" signature="setup(java.lang.String)[pri:0, instance:testCases.TC_004_VerifyingFourthNews@57a78e3]" started-at="2024-03-29T19:55:12 IST" name="setup" finished-at="2024-03-29T19:55:16 IST" duration-ms="3702" status="PASS">
          <params>
            <param index="0">
              <value>
                <![CDATA[chrome]]>
              </value>
            </param>
          </params>
          <reporter-output>
          </reporter-output>
        </test-method> <!-- setup -->
        <test-method is-config="true" signature="pageSetup()[pri:0, instance:testCases.TC_004_VerifyingFourthNews@57a78e3]" started-at="2024-03-29T19:55:16 IST" name="pageSetup" finished-at="2024-03-29T19:55:16 IST" duration-ms="2" status="PASS">
          <reporter-output>
          </reporter-output>
        </test-method> <!-- pageSetup -->
        <test-method signature="Launch()[pri:0, instance:testCases.TC_004_VerifyingFourthNews@57a78e3]" started-at="2024-03-29T19:55:16 IST" name="Launch" finished-at="2024-03-29T19:55:21 IST" duration-ms="5427" status="PASS">
          <reporter-output>
          </reporter-output>
        </test-method> <!-- Launch -->
        <test-method signature="UserInfo()[pri:2, instance:testCases.TC_004_VerifyingFourthNews@57a78e3]" started-at="2024-03-29T19:55:21 IST" name="UserInfo" finished-at="2024-03-29T19:55:30 IST" duration-ms="8493" status="PASS">
          <reporter-output>
          </reporter-output>
        </test-method> <!-- UserInfo -->
        <test-method signature="isVisisble()[pri:3, instance:testCases.TC_004_VerifyingFourthNews@57a78e3]" started-at="2024-03-29T19:55:30 IST" name="isVisisble" finished-at="2024-03-29T19:55:30 IST" duration-ms="51" status="PASS">
          <reporter-output>
          </reporter-output>
        </test-method> <!-- isVisisble -->
        <test-method signature="validateTitle()[pri:3, instance:testCases.TC_004_VerifyingFourthNews@57a78e3]" started-at="2024-03-29T19:55:30 IST" name="validateTitle" finished-at="2024-03-29T19:55:30 IST" duration-ms="589" status="PASS">
          <reporter-output>
          </reporter-output>
        </test-method> <!-- validateTitle -->
        <test-method signature="description()[pri:4, instance:testCases.TC_004_VerifyingFourthNews@57a78e3]" started-at="2024-03-29T19:55:30 IST" name="description" finished-at="2024-03-29T19:55:32 IST" duration-ms="1419" status="PASS">
          <reporter-output>
          </reporter-output>
        </test-method> <!-- description -->
        <test-method signature="validateAuthor()[pri:5, instance:testCases.TC_004_VerifyingFourthNews@57a78e3]" started-at="2024-03-29T19:55:32 IST" name="validateAuthor" finished-at="2024-03-29T19:55:39 IST" duration-ms="7519" status="PASS">
          <reporter-output>
          </reporter-output>
        </test-method> <!-- validateAuthor -->
        <test-method signature="shareButton()[pri:6, instance:testCases.TC_004_VerifyingFourthNews@57a78e3]" started-at="2024-03-29T19:55:39 IST" name="shareButton" finished-at="2024-03-29T19:55:40 IST" duration-ms="305" status="PASS">
          <reporter-output>
          </reporter-output>
        </test-method> <!-- shareButton -->
        <test-method signature="likesNviews()[pri:7, instance:testCases.TC_004_VerifyingFourthNews@57a78e3]" started-at="2024-03-29T19:55:40 IST" name="likesNviews" finished-at="2024-03-29T19:55:45 IST" duration-ms="5242" status="PASS">
          <reporter-output>
          </reporter-output>
        </test-method> <!-- likesNviews -->
        <test-method signature="validateLinks()[pri:8, instance:testCases.TC_004_VerifyingFourthNews@57a78e3]" started-at="2024-03-29T19:55:45 IST" name="validateLinks" finished-at="2024-03-29T19:55:52 IST" duration-ms="7494" status="PASS">
          <reporter-output>
          </reporter-output>
        </test-method> <!-- validateLinks -->
        <test-method signature="writeExcelData()[pri:10, instance:testCases.TC_004_VerifyingFourthNews@57a78e3]" started-at="2024-03-29T19:55:52 IST" name="writeExcelData" finished-at="2024-03-29T19:55:53 IST" duration-ms="42" status="PASS">
          <reporter-output>
          </reporter-output>
        </test-method> <!-- writeExcelData -->
        <test-method is-config="true" signature="teardown()[pri:0, instance:testCases.TC_004_VerifyingFourthNews@57a78e3]" started-at="2024-03-29T19:55:53 IST" name="teardown" finished-at="2024-03-29T19:55:54 IST" duration-ms="1163" status="PASS">
          <reporter-output>
          </reporter-output>
        </test-method> <!-- teardown -->
      </class> <!-- testCases.TC_004_VerifyingFourthNews -->
    </test> <!-- Chrome Test -->
    <test started-at="2024-03-29T19:56:32 IST" name="Edge Test" finished-at="2024-03-29T19:59:43 IST" duration-ms="191100">
      <class name="testCases.TC_005_VerifyingFifthNews">
        <test-method is-config="true" signature="setup(java.lang.String)[pri:0, instance:testCases.TC_005_VerifyingFifthNews@7fd50002]" started-at="2024-03-29T19:59:15 IST" name="setup" finished-at="2024-03-29T19:59:18 IST" duration-ms="3901" status="PASS">
          <params>
            <param index="0">
              <value>
                <![CDATA[edge]]>
              </value>
            </param>
          </params>
          <reporter-output>
          </reporter-output>
        </test-method> <!-- setup -->
        <test-method is-config="true" signature="pageSetup()[pri:0, instance:testCases.TC_005_VerifyingFifthNews@7fd50002]" started-at="2024-03-29T19:59:18 IST" name="pageSetup" finished-at="2024-03-29T19:59:18 IST" duration-ms="2" status="PASS">
          <reporter-output>
          </reporter-output>
        </test-method> <!-- pageSetup -->
        <test-method signature="Launch()[pri:0, instance:testCases.TC_005_VerifyingFifthNews@7fd50002]" started-at="2024-03-29T19:59:18 IST" name="Launch" finished-at="2024-03-29T19:59:22 IST" duration-ms="4055" status="PASS">
          <reporter-output>
          </reporter-output>
        </test-method> <!-- Launch -->
        <test-method signature="UserInfo()[pri:2, instance:testCases.TC_005_VerifyingFifthNews@7fd50002]" started-at="2024-03-29T19:59:22 IST" name="UserInfo" finished-at="2024-03-29T19:59:31 IST" duration-ms="8554" status="PASS">
          <reporter-output>
          </reporter-output>
        </test-method> <!-- UserInfo -->
        <test-method signature="isVisisble()[pri:3, instance:testCases.TC_005_VerifyingFifthNews@7fd50002]" started-at="2024-03-29T19:59:31 IST" name="isVisisble" finished-at="2024-03-29T19:59:31 IST" duration-ms="23" status="PASS">
          <reporter-output>
          </reporter-output>
        </test-method> <!-- isVisisble -->
        <test-method signature="validateTitle()[pri:3, instance:testCases.TC_005_VerifyingFifthNews@7fd50002]" started-at="2024-03-29T19:59:31 IST" name="validateTitle" finished-at="2024-03-29T19:59:32 IST" duration-ms="562" status="PASS">
          <reporter-output>
          </reporter-output>
        </test-method> <!-- validateTitle -->
        <test-method signature="description()[pri:4, instance:testCases.TC_005_VerifyingFifthNews@7fd50002]" started-at="2024-03-29T19:59:32 IST" name="description" finished-at="2024-03-29T19:59:36 IST" duration-ms="4797" status="PASS">
          <reporter-output>
          </reporter-output>
        </test-method> <!-- description -->
        <test-method signature="shareButton()[pri:5, instance:testCases.TC_005_VerifyingFifthNews@7fd50002]" started-at="2024-03-29T19:59:36 IST" name="shareButton" finished-at="2024-03-29T19:59:37 IST" duration-ms="349" status="PASS">
          <reporter-output>
          </reporter-output>
        </test-method> <!-- shareButton -->
        <test-method signature="likesNviews()[pri:6, instance:testCases.TC_005_VerifyingFifthNews@7fd50002]" started-at="2024-03-29T19:59:37 IST" name="likesNviews" finished-at="2024-03-29T19:59:42 IST" duration-ms="5160" status="PASS">
          <reporter-output>
          </reporter-output>
        </test-method> <!-- likesNviews -->
        <test-method signature="validateLinks()[pri:7, instance:testCases.TC_005_VerifyingFifthNews@7fd50002]" started-at="2024-03-29T19:59:42 IST" name="validateLinks" finished-at="2024-03-29T19:59:42 IST" duration-ms="70" status="PASS">
          <reporter-output>
          </reporter-output>
        </test-method> <!-- validateLinks -->
        <test-method is-config="true" signature="teardown()[pri:0, instance:testCases.TC_005_VerifyingFifthNews@7fd50002]" started-at="2024-03-29T19:59:42 IST" name="teardown" finished-at="2024-03-29T19:59:43 IST" duration-ms="1286" status="PASS">
          <reporter-output>
          </reporter-output>
        </test-method> <!-- teardown -->
      </class> <!-- testCases.TC_005_VerifyingFifthNews -->
      <class name="testCases.TC_003_VerifyingThirdNews">
        <test-method is-config="true" signature="setup(java.lang.String)[pri:0, instance:testCases.TC_003_VerifyingThirdNews@2a693f59]" started-at="2024-03-29T19:57:53 IST" name="setup" finished-at="2024-03-29T19:57:56 IST" duration-ms="3503" status="PASS">
          <params>
            <param index="0">
              <value>
                <![CDATA[edge]]>
              </value>
            </param>
          </params>
          <reporter-output>
          </reporter-output>
        </test-method> <!-- setup -->
        <test-method is-config="true" signature="pageSetup()[pri:0, instance:testCases.TC_003_VerifyingThirdNews@2a693f59]" started-at="2024-03-29T19:57:56 IST" name="pageSetup" finished-at="2024-03-29T19:57:56 IST" duration-ms="1" status="PASS">
          <reporter-output>
          </reporter-output>
        </test-method> <!-- pageSetup -->
        <test-method signature="Launch()[pri:0, instance:testCases.TC_003_VerifyingThirdNews@2a693f59]" started-at="2024-03-29T19:57:56 IST" name="Launch" finished-at="2024-03-29T19:58:00 IST" duration-ms="4244" status="PASS">
          <reporter-output>
          </reporter-output>
        </test-method> <!-- Launch -->
        <test-method signature="UserInfo()[pri:2, instance:testCases.TC_003_VerifyingThirdNews@2a693f59]" started-at="2024-03-29T19:58:00 IST" name="UserInfo" finished-at="2024-03-29T19:58:09 IST" duration-ms="8793" status="PASS">
          <reporter-output>
          </reporter-output>
        </test-method> <!-- UserInfo -->
        <test-method signature="isVisisble()[pri:3, instance:testCases.TC_003_VerifyingThirdNews@2a693f59]" started-at="2024-03-29T19:58:09 IST" name="isVisisble" finished-at="2024-03-29T19:58:09 IST" duration-ms="52" status="PASS">
          <reporter-output>
          </reporter-output>
        </test-method> <!-- isVisisble -->
        <test-method signature="validateTitle()[pri:3, instance:testCases.TC_003_VerifyingThirdNews@2a693f59]" started-at="2024-03-29T19:58:09 IST" name="validateTitle" finished-at="2024-03-29T19:58:10 IST" duration-ms="561" status="PASS">
          <reporter-output>
          </reporter-output>
        </test-method> <!-- validateTitle -->
        <test-method signature="description()[pri:4, instance:testCases.TC_003_VerifyingThirdNews@2a693f59]" started-at="2024-03-29T19:58:10 IST" name="description" finished-at="2024-03-29T19:58:11 IST" duration-ms="1362" status="PASS">
          <reporter-output>
          </reporter-output>
        </test-method> <!-- description -->
        <test-method signature="validateAuthor()[pri:5, instance:testCases.TC_003_VerifyingThirdNews@2a693f59]" started-at="2024-03-29T19:58:11 IST" name="validateAuthor" finished-at="2024-03-29T19:58:19 IST" duration-ms="7745" status="PASS">
          <reporter-output>
          </reporter-output>
        </test-method> <!-- validateAuthor -->
        <test-method signature="shareButton()[pri:6, instance:testCases.TC_003_VerifyingThirdNews@2a693f59]" started-at="2024-03-29T19:58:19 IST" name="shareButton" finished-at="2024-03-29T19:58:19 IST" duration-ms="412" status="PASS">
          <reporter-output>
          </reporter-output>
        </test-method> <!-- shareButton -->
        <test-method signature="likesNviews()[pri:7, instance:testCases.TC_003_VerifyingThirdNews@2a693f59]" started-at="2024-03-29T19:58:19 IST" name="likesNviews" finished-at="2024-03-29T19:58:24 IST" duration-ms="5150" status="PASS">
          <reporter-output>
          </reporter-output>
        </test-method> <!-- likesNviews -->
        <test-method signature="validateLinks()[pri:8, instance:testCases.TC_003_VerifyingThirdNews@2a693f59]" started-at="2024-03-29T19:58:24 IST" name="validateLinks" finished-at="2024-03-29T19:58:32 IST" duration-ms="7991" status="PASS">
          <reporter-output>
          </reporter-output>
        </test-method> <!-- validateLinks -->
        <test-method signature="writeExcelData()[pri:10, instance:testCases.TC_003_VerifyingThirdNews@2a693f59]" started-at="2024-03-29T19:58:32 IST" name="writeExcelData" finished-at="2024-03-29T19:58:33 IST" duration-ms="75" status="PASS">
          <reporter-output>
          </reporter-output>
        </test-method> <!-- writeExcelData -->
        <test-method is-config="true" signature="teardown()[pri:0, instance:testCases.TC_003_VerifyingThirdNews@2a693f59]" started-at="2024-03-29T19:58:33 IST" name="teardown" finished-at="2024-03-29T19:58:34 IST" duration-ms="1289" status="PASS">
          <reporter-output>
          </reporter-output>
        </test-method> <!-- teardown -->
      </class> <!-- testCases.TC_003_VerifyingThirdNews -->
      <class name="testCases.TC_002_VerifyingSecondNews">
        <test-method is-config="true" signature="setup(java.lang.String)[pri:0, instance:testCases.TC_002_VerifyingSecondNews@433defed]" started-at="2024-03-29T19:57:16 IST" name="setup" finished-at="2024-03-29T19:57:20 IST" duration-ms="4056" status="PASS">
          <params>
            <param index="0">
              <value>
                <![CDATA[edge]]>
              </value>
            </param>
          </params>
          <reporter-output>
          </reporter-output>
        </test-method> <!-- setup -->
        <test-method is-config="true" signature="pageSetup()[pri:0, instance:testCases.TC_002_VerifyingSecondNews@433defed]" started-at="2024-03-29T19:57:20 IST" name="pageSetup" finished-at="2024-03-29T19:57:20 IST" duration-ms="1" status="PASS">
          <reporter-output>
          </reporter-output>
        </test-method> <!-- pageSetup -->
        <test-method signature="Launch()[pri:0, instance:testCases.TC_002_VerifyingSecondNews@433defed]" started-at="2024-03-29T19:57:20 IST" name="Launch" finished-at="2024-03-29T19:57:24 IST" duration-ms="3991" status="PASS">
          <reporter-output>
          </reporter-output>
        </test-method> <!-- Launch -->
        <test-method signature="UserInfo()[pri:2, instance:testCases.TC_002_VerifyingSecondNews@433defed]" started-at="2024-03-29T19:57:24 IST" name="UserInfo" finished-at="2024-03-29T19:57:32 IST" duration-ms="8416" status="PASS">
          <reporter-output>
          </reporter-output>
        </test-method> <!-- UserInfo -->
        <test-method signature="isVisisble()[pri:3, instance:testCases.TC_002_VerifyingSecondNews@433defed]" started-at="2024-03-29T19:57:32 IST" name="isVisisble" finished-at="2024-03-29T19:57:33 IST" duration-ms="107" status="PASS">
          <reporter-output>
          </reporter-output>
        </test-method> <!-- isVisisble -->
        <test-method signature="validateTitle()[pri:3, instance:testCases.TC_002_VerifyingSecondNews@433defed]" started-at="2024-03-29T19:57:33 IST" name="validateTitle" finished-at="2024-03-29T19:57:33 IST" duration-ms="551" status="PASS">
          <reporter-output>
          </reporter-output>
        </test-method> <!-- validateTitle -->
        <test-method signature="description()[pri:4, instance:testCases.TC_002_VerifyingSecondNews@433defed]" started-at="2024-03-29T19:57:33 IST" name="description" finished-at="2024-03-29T19:57:34 IST" duration-ms="1197" status="PASS">
          <reporter-output>
          </reporter-output>
        </test-method> <!-- description -->
        <test-method signature="validateAuthor()[pri:5, instance:testCases.TC_002_VerifyingSecondNews@433defed]" started-at="2024-03-29T19:57:34 IST" name="validateAuthor" finished-at="2024-03-29T19:57:41 IST" duration-ms="6300" status="PASS">
          <reporter-output>
          </reporter-output>
        </test-method> <!-- validateAuthor -->
        <test-method signature="shareButton()[pri:6, instance:testCases.TC_002_VerifyingSecondNews@433defed]" started-at="2024-03-29T19:57:41 IST" name="shareButton" finished-at="2024-03-29T19:57:41 IST" duration-ms="244" status="PASS">
          <reporter-output>
          </reporter-output>
        </test-method> <!-- shareButton -->
        <test-method signature="likesNviews()[pri:7, instance:testCases.TC_002_VerifyingSecondNews@433defed]" started-at="2024-03-29T19:57:41 IST" name="likesNviews" finished-at="2024-03-29T19:57:46 IST" duration-ms="5216" status="PASS">
          <reporter-output>
          </reporter-output>
        </test-method> <!-- likesNviews -->
        <test-method signature="validateLinks()[pri:8, instance:testCases.TC_002_VerifyingSecondNews@433defed]" started-at="2024-03-29T19:57:46 IST" name="validateLinks" finished-at="2024-03-29T19:57:51 IST" duration-ms="5351" status="PASS">
          <reporter-output>
          </reporter-output>
        </test-method> <!-- validateLinks -->
        <test-method signature="writeExcelData()[pri:10, instance:testCases.TC_002_VerifyingSecondNews@433defed]" started-at="2024-03-29T19:57:51 IST" name="writeExcelData" finished-at="2024-03-29T19:57:51 IST" duration-ms="50" status="PASS">
          <reporter-output>
          </reporter-output>
        </test-method> <!-- writeExcelData -->
        <test-method is-config="true" signature="teardown()[pri:0, instance:testCases.TC_002_VerifyingSecondNews@433defed]" started-at="2024-03-29T19:57:51 IST" name="teardown" finished-at="2024-03-29T19:57:53 IST" duration-ms="1135" status="PASS">
          <reporter-output>
          </reporter-output>
        </test-method> <!-- teardown -->
      </class> <!-- testCases.TC_002_VerifyingSecondNews -->
      <class name="testCases.TC_001_VerifyingFirstNews">
        <test-method is-config="true" signature="setup(java.lang.String)[pri:0, instance:testCases.TC_001_VerifyingFirstNews@548a24a]" started-at="2024-03-29T19:56:32 IST" name="setup" finished-at="2024-03-29T19:56:37 IST" duration-ms="4337" status="PASS">
          <params>
            <param index="0">
              <value>
                <![CDATA[edge]]>
              </value>
            </param>
          </params>
          <reporter-output>
          </reporter-output>
        </test-method> <!-- setup -->
        <test-method is-config="true" signature="pageSetup()[pri:0, instance:testCases.TC_001_VerifyingFirstNews@548a24a]" started-at="2024-03-29T19:56:37 IST" name="pageSetup" finished-at="2024-03-29T19:56:37 IST" duration-ms="2" status="PASS">
          <reporter-output>
          </reporter-output>
        </test-method> <!-- pageSetup -->
        <test-method signature="Launch()[pri:0, instance:testCases.TC_001_VerifyingFirstNews@548a24a]" started-at="2024-03-29T19:56:37 IST" name="Launch" finished-at="2024-03-29T19:56:41 IST" duration-ms="4509" status="PASS">
          <reporter-output>
          </reporter-output>
        </test-method> <!-- Launch -->
        <test-method signature="UserInfo()[pri:1, instance:testCases.TC_001_VerifyingFirstNews@548a24a]" started-at="2024-03-29T19:56:41 IST" name="UserInfo" finished-at="2024-03-29T19:56:50 IST" duration-ms="8727" status="PASS">
          <reporter-output>
          </reporter-output>
        </test-method> <!-- UserInfo -->
        <test-method signature="isVisisble()[pri:2, instance:testCases.TC_001_VerifyingFirstNews@548a24a]" started-at="2024-03-29T19:56:50 IST" name="isVisisble" finished-at="2024-03-29T19:56:50 IST" duration-ms="68" status="PASS">
          <reporter-output>
          </reporter-output>
        </test-method> <!-- isVisisble -->
        <test-method signature="validateTitle()[pri:3, instance:testCases.TC_001_VerifyingFirstNews@548a24a]" started-at="2024-03-29T19:56:50 IST" name="validateTitle" finished-at="2024-03-29T19:56:50 IST" duration-ms="631" status="PASS">
          <reporter-output>
          </reporter-output>
        </test-method> <!-- validateTitle -->
        <test-method signature="description()[pri:4, instance:testCases.TC_001_VerifyingFirstNews@548a24a]" started-at="2024-03-29T19:56:50 IST" name="description" finished-at="2024-03-29T19:56:52 IST" duration-ms="1553" status="PASS">
          <reporter-output>
          </reporter-output>
        </test-method> <!-- description -->
        <test-method signature="validateAuthor()[pri:5, instance:testCases.TC_001_VerifyingFirstNews@548a24a]" started-at="2024-03-29T19:56:52 IST" name="validateAuthor" finished-at="2024-03-29T19:57:02 IST" duration-ms="10336" status="PASS">
          <reporter-output>
          </reporter-output>
        </test-method> <!-- validateAuthor -->
        <test-method signature="shareButton()[pri:6, instance:testCases.TC_001_VerifyingFirstNews@548a24a]" started-at="2024-03-29T19:57:02 IST" name="shareButton" finished-at="2024-03-29T19:57:03 IST" duration-ms="293" status="PASS">
          <reporter-output>
          </reporter-output>
        </test-method> <!-- shareButton -->
        <test-method signature="likesNviews()[pri:7, instance:testCases.TC_001_VerifyingFirstNews@548a24a]" started-at="2024-03-29T19:57:03 IST" name="likesNviews" finished-at="2024-03-29T19:57:06 IST" duration-ms="3151" status="PASS">
          <reporter-output>
          </reporter-output>
        </test-method> <!-- likesNviews -->
        <test-method signature="validateLinks()[pri:8, instance:testCases.TC_001_VerifyingFirstNews@548a24a]" started-at="2024-03-29T19:57:06 IST" name="validateLinks" finished-at="2024-03-29T19:57:15 IST" duration-ms="8824" status="PASS">
          <reporter-output>
          </reporter-output>
        </test-method> <!-- validateLinks -->
        <test-method signature="writeExcelData()[pri:10, instance:testCases.TC_001_VerifyingFirstNews@548a24a]" started-at="2024-03-29T19:57:15 IST" name="writeExcelData" finished-at="2024-03-29T19:57:15 IST" duration-ms="71" status="PASS">
          <reporter-output>
          </reporter-output>
        </test-method> <!-- writeExcelData -->
        <test-method is-config="true" signature="teardown()[pri:0, instance:testCases.TC_001_VerifyingFirstNews@548a24a]" started-at="2024-03-29T19:57:15 IST" name="teardown" finished-at="2024-03-29T19:57:16 IST" duration-ms="1292" status="PASS">
          <reporter-output>
          </reporter-output>
        </test-method> <!-- teardown -->
      </class> <!-- testCases.TC_001_VerifyingFirstNews -->
      <class name="testCases.TC_004_VerifyingFourthNews">
        <test-method is-config="true" signature="setup(java.lang.String)[pri:0, instance:testCases.TC_004_VerifyingFourthNews@3f4faf53]" started-at="2024-03-29T19:58:34 IST" name="setup" finished-at="2024-03-29T19:58:38 IST" duration-ms="3740" status="PASS">
          <params>
            <param index="0">
              <value>
                <![CDATA[edge]]>
              </value>
            </param>
          </params>
          <reporter-output>
          </reporter-output>
        </test-method> <!-- setup -->
        <test-method is-config="true" signature="pageSetup()[pri:0, instance:testCases.TC_004_VerifyingFourthNews@3f4faf53]" started-at="2024-03-29T19:58:38 IST" name="pageSetup" finished-at="2024-03-29T19:58:38 IST" duration-ms="2" status="PASS">
          <reporter-output>
          </reporter-output>
        </test-method> <!-- pageSetup -->
        <test-method signature="Launch()[pri:0, instance:testCases.TC_004_VerifyingFourthNews@3f4faf53]" started-at="2024-03-29T19:58:38 IST" name="Launch" finished-at="2024-03-29T19:58:41 IST" duration-ms="3659" status="PASS">
          <reporter-output>
          </reporter-output>
        </test-method> <!-- Launch -->
        <test-method signature="UserInfo()[pri:2, instance:testCases.TC_004_VerifyingFourthNews@3f4faf53]" started-at="2024-03-29T19:58:41 IST" name="UserInfo" finished-at="2024-03-29T19:58:50 IST" duration-ms="8474" status="PASS">
          <reporter-output>
          </reporter-output>
        </test-method> <!-- UserInfo -->
        <test-method signature="isVisisble()[pri:3, instance:testCases.TC_004_VerifyingFourthNews@3f4faf53]" started-at="2024-03-29T19:58:50 IST" name="isVisisble" finished-at="2024-03-29T19:58:50 IST" duration-ms="70" status="PASS">
          <reporter-output>
          </reporter-output>
        </test-method> <!-- isVisisble -->
        <test-method signature="validateTitle()[pri:3, instance:testCases.TC_004_VerifyingFourthNews@3f4faf53]" started-at="2024-03-29T19:58:50 IST" name="validateTitle" finished-at="2024-03-29T19:58:50 IST" duration-ms="597" status="PASS">
          <reporter-output>
          </reporter-output>
        </test-method> <!-- validateTitle -->
        <test-method signature="description()[pri:4, instance:testCases.TC_004_VerifyingFourthNews@3f4faf53]" started-at="2024-03-29T19:58:50 IST" name="description" finished-at="2024-03-29T19:58:52 IST" duration-ms="1595" status="PASS">
          <reporter-output>
          </reporter-output>
        </test-method> <!-- description -->
        <test-method signature="validateAuthor()[pri:5, instance:testCases.TC_004_VerifyingFourthNews@3f4faf53]" started-at="2024-03-29T19:58:52 IST" name="validateAuthor" finished-at="2024-03-29T19:59:00 IST" duration-ms="8094" status="PASS">
          <reporter-output>
          </reporter-output>
        </test-method> <!-- validateAuthor -->
        <test-method signature="shareButton()[pri:6, instance:testCases.TC_004_VerifyingFourthNews@3f4faf53]" started-at="2024-03-29T19:59:00 IST" name="shareButton" finished-at="2024-03-29T19:59:00 IST" duration-ms="339" status="PASS">
          <reporter-output>
          </reporter-output>
        </test-method> <!-- shareButton -->
        <test-method signature="likesNviews()[pri:7, instance:testCases.TC_004_VerifyingFourthNews@3f4faf53]" started-at="2024-03-29T19:59:00 IST" name="likesNviews" finished-at="2024-03-29T19:59:06 IST" duration-ms="5232" status="PASS">
          <reporter-output>
          </reporter-output>
        </test-method> <!-- likesNviews -->
        <test-method signature="validateLinks()[pri:8, instance:testCases.TC_004_VerifyingFourthNews@3f4faf53]" started-at="2024-03-29T19:59:06 IST" name="validateLinks" finished-at="2024-03-29T19:59:13 IST" duration-ms="7665" status="PASS">
          <reporter-output>
          </reporter-output>
        </test-method> <!-- validateLinks -->
        <test-method signature="writeExcelData()[pri:10, instance:testCases.TC_004_VerifyingFourthNews@3f4faf53]" started-at="2024-03-29T19:59:13 IST" name="writeExcelData" finished-at="2024-03-29T19:59:13 IST" duration-ms="61" status="PASS">
          <reporter-output>
          </reporter-output>
        </test-method> <!-- writeExcelData -->
        <test-method is-config="true" signature="teardown()[pri:0, instance:testCases.TC_004_VerifyingFourthNews@3f4faf53]" started-at="2024-03-29T19:59:13 IST" name="teardown" finished-at="2024-03-29T19:59:15 IST" duration-ms="1149" status="PASS">
          <reporter-output>
          </reporter-output>
        </test-method> <!-- teardown -->
      </class> <!-- testCases.TC_004_VerifyingFourthNews -->
    </test> <!-- Edge Test -->
  </suite> <!-- Suite -->
</testng-results>
